<?xml version="1.0" encoding="UTF-8"?>
<!-- Generated by org.testng.reporters.JUnitReportReporter -->
<testsuite hostname="LAPTOP-JTV0PAQQ" failures="0" tests="1" name="parent.Testcomponents.InvokeBrowser" time="52.401" errors="0" timestamp="2022-09-23T19:34:02 IST" skipped="0">
  <testcase classname="parent.Testcomponents.InvokeBrowser" name="m_thod" time="52.401"/>
  <system-out/>
</testsuite> <!-- parent.Testcomponents.InvokeBrowser -->
