<?xml version="1.0" encoding="UTF-8"?>
<!-- Generated by org.testng.reporters.JUnitReportReporter -->
<testsuite hostname="LAPTOP-JTV0PAQQ" failures="0" tests="2" name="parent.testClass.EndToEndTest" time="59.216" errors="0" timestamp="2022-10-02T21:56:27 IST" skipped="0">
  <testcase classname="parent.testClass.EndToEndTest" name="orderHistory" time="8.546"/>
  <system-out/>
  <testcase classname="parent.testClass.EndToEndTest" name="EndToEndtest" time="50.670"/>
  <system-out/>
</testsuite> <!-- parent.testClass.EndToEndTest -->
